mode: set
base-code-go-gin-clean/internal/service/auth_service.go:49.136,56.2 1 1
base-code-go-gin-clean/internal/service/auth_service.go:58.111,61.39 2 1
base-code-go-gin-clean/internal/service/auth_service.go:61.39,63.3 1 1
base-code-go-gin-clean/internal/service/auth_service.go:66.2,73.55 2 1
base-code-go-gin-clean/internal/service/auth_service.go:73.55,75.3 1 1
base-code-go-gin-clean/internal/service/auth_service.go:78.2,78.56 1 1
base-code-go-gin-clean/internal/service/auth_service.go:78.56,80.3 1 0
base-code-go-gin-clean/internal/service/auth_service.go:82.2,82.34 1 1
base-code-go-gin-clean/internal/service/auth_service.go:85.98,88.31 2 1
base-code-go-gin-clean/internal/service/auth_service.go:88.31,90.3 1 1
base-code-go-gin-clean/internal/service/auth_service.go:93.2,93.53 1 1
base-code-go-gin-clean/internal/service/auth_service.go:93.53,95.3 1 1
base-code-go-gin-clean/internal/service/auth_service.go:98.2,99.16 2 1
base-code-go-gin-clean/internal/service/auth_service.go:99.16,101.3 1 0
base-code-go-gin-clean/internal/service/auth_service.go:104.2,105.16 2 1
base-code-go-gin-clean/internal/service/auth_service.go:105.16,107.3 1 0
base-code-go-gin-clean/internal/service/auth_service.go:110.2,110.110 1 1
base-code-go-gin-clean/internal/service/auth_service.go:110.110,112.3 1 0
base-code-go-gin-clean/internal/service/auth_service.go:115.2,124.8 2 1
base-code-go-gin-clean/internal/service/auth_service.go:127.102,130.16 2 1
base-code-go-gin-clean/internal/service/auth_service.go:130.16,132.3 1 0
base-code-go-gin-clean/internal/service/auth_service.go:135.2,136.16 2 1
base-code-go-gin-clean/internal/service/auth_service.go:136.16,138.3 1 0
base-code-go-gin-clean/internal/service/auth_service.go:141.2,142.16 2 1
base-code-go-gin-clean/internal/service/auth_service.go:142.16,144.3 1 0
base-code-go-gin-clean/internal/service/auth_service.go:147.2,147.103 1 1
base-code-go-gin-clean/internal/service/auth_service.go:147.103,149.3 1 0
base-code-go-gin-clean/internal/service/auth_service.go:151.2,155.8 1 1
base-code-go-gin-clean/internal/service/auth_service.go:158.72,161.16 2 1
base-code-go-gin-clean/internal/service/auth_service.go:161.16,163.3 1 0
base-code-go-gin-clean/internal/service/auth_service.go:164.2,164.12 1 1
base-code-go-gin-clean/internal/service/health_service.go:24.50,28.2 1 0
base-code-go-gin-clean/internal/service/health_service.go:31.70,39.16 5 0
base-code-go-gin-clean/internal/service/health_service.go:39.16,40.27 1 0
base-code-go-gin-clean/internal/service/health_service.go:40.27,42.4 1 0
base-code-go-gin-clean/internal/service/health_service.go:43.3,43.13 1 0
base-code-go-gin-clean/internal/service/health_service.go:47.2,47.17 1 0
base-code-go-gin-clean/internal/service/health_service.go:47.17,49.3 1 0
base-code-go-gin-clean/internal/service/health_service.go:51.2,51.12 1 0
base-code-go-gin-clean/internal/service/user_service.go:42.56,50.22 2 1
base-code-go-gin-clean/internal/service/user_service.go:50.22,52.3 1 0
base-code-go-gin-clean/internal/service/user_service.go:54.2,54.12 1 1
base-code-go-gin-clean/internal/service/user_service.go:57.57,59.2 1 1
base-code-go-gin-clean/internal/service/user_service.go:62.98,69.16 4 1
base-code-go-gin-clean/internal/service/user_service.go:69.16,73.3 3 1
base-code-go-gin-clean/internal/service/user_service.go:76.2,78.37 3 1
base-code-go-gin-clean/internal/service/user_service.go:78.37,80.3 1 1
base-code-go-gin-clean/internal/service/user_service.go:83.2,84.16 2 1
base-code-go-gin-clean/internal/service/user_service.go:84.16,88.3 3 1
base-code-go-gin-clean/internal/service/user_service.go:91.2,94.65 2 1
base-code-go-gin-clean/internal/service/user_service.go:94.65,96.3 1 0
base-code-go-gin-clean/internal/service/user_service.go:98.2,98.26 1 1
base-code-go-gin-clean/internal/service/user_service.go:102.101,107.16 4 1
base-code-go-gin-clean/internal/service/user_service.go:107.16,110.3 2 1
base-code-go-gin-clean/internal/service/user_service.go:112.2,113.64 2 1
base-code-go-gin-clean/internal/service/user_service.go:113.64,117.3 3 0
base-code-go-gin-clean/internal/service/user_service.go:119.2,119.23 1 1
base-code-go-gin-clean/internal/service/user_service.go:123.97,128.16 4 1
base-code-go-gin-clean/internal/service/user_service.go:128.16,132.3 3 0
base-code-go-gin-clean/internal/service/user_service.go:134.2,135.16 2 1
base-code-go-gin-clean/internal/service/user_service.go:135.16,137.3 1 0
base-code-go-gin-clean/internal/service/user_service.go:139.2,139.12 1 1
